<?xml version="1.0" encoding="UTF-8"?>
<!-- Generated by org.testng.reporters.JUnitReportReporter -->
<testsuite hostname="DESKTOP-4BOLIFG" failures="0" tests="1" name="test.day1" time="0.115" errors="0" timestamp="2025-01-08T05:18:40 IST" skipped="0">
  <testcase classname="test.day1" name="Demo" time="0.115"/>
  <system-out/>
</testsuite> <!-- test.day1 -->
