<?xml version="1.0" encoding="UTF-8"?>
<!-- Generated by org.testng.reporters.JUnitReportReporter -->
<testsuite hostname="DESKTOP-4BOLIFG" failures="0" tests="3" name="test.day2" time="0.111" errors="0" timestamp="2025-01-08T05:18:40 IST" skipped="0">
  <testcase classname="test.day2" name="MobileLoginCarLoan" time="0.032"/>
  <system-out/>
  <testcase classname="test.day2" name="WebLoginCarLoan" time="0.043"/>
  <system-out/>
  <testcase classname="test.day2" name="LoginApiCarLoan" time="0.036"/>
  <system-out/>
</testsuite> <!-- test.day2 -->
