<?xml version="1.0" encoding="UTF-8"?>
<!-- Generated by org.testng.reporters.JUnitReportReporter -->
<testsuite hostname="DESKTOP-4BOLIFG" failures="0" tests="3" name="test.day4" time="0.038" errors="0" timestamp="2025-01-08T05:18:40 IST" skipped="0">
  <testcase classname="test.day4" name="PhoneLoginCarLoan" time="0.013"/>
  <system-out/>
  <testcase classname="test.day4" name="PhonesigninCarLoan" time="0.014"/>
  <system-out/>
  <testcase classname="test.day4" name="PhoneSignOutCarLoan" time="0.011"/>
  <system-out/>
</testsuite> <!-- test.day4 -->
