<?xml version="1.0" encoding="UTF-8"?>
<!-- Generated by org.testng.reporters.JUnitReportReporter -->
<testsuite hostname="DESKTOP-4BOLIFG" failures="0" tests="2" name="test.day5" time="0.043" errors="0" timestamp="2025-01-08T05:18:40 IST" skipped="0">
  <testcase classname="test.day5" name="SigninJio" time="0.025"/>
  <system-out/>
  <testcase classname="test.day5" name="JioLogin" time="0.018"/>
  <system-out/>
</testsuite> <!-- test.day5 -->
